1742762937.574676 client started (38201): version 3.3a, socket /tmp/tmux-1000/default, protocol 8
1742762937.574709 on Linux 6.1.0-32-amd64 #1 SMP PREEMPT_DYNAMIC Debian 6.1.129-1 (2025-03-06)
1742762937.574716 using libevent 2.1.12-stable (poll); ncurses 6.3
1742762937.574736 flags are 0x10010000
1742762937.574742 socket is /tmp/tmux-1000/default
1742762937.574757 trying connect
1742762937.574829 add peer 0x55566a812220: 6 ((nil))
1742762937.575171 sending message 100 to peer 0x55566a812220 (4 bytes)
1742762937.575179 sending message 111 to peer 0x55566a812220 (8 bytes)
1742762937.575185 sending message 101 to peer 0x55566a812220 (14 bytes)
1742762937.575191 sending message 109 to peer 0x55566a812220 (4 bytes)
1742762937.575197 sending message 102 to peer 0x55566a812220 (11 bytes)
1742762937.575203 sending message 108 to peer 0x55566a812220 (31 bytes)
1742762937.575208 sending message 112 to peer 0x55566a812220 (70 bytes)
1742762937.575214 sending message 112 to peer 0x55566a812220 (5 bytes)
1742762937.575220 sending message 112 to peer 0x55566a812220 (5 bytes)
1742762937.575226 sending message 112 to peer 0x55566a812220 (6 bytes)
1742762937.575231 sending message 112 to peer 0x55566a812220 (6 bytes)
1742762937.575237 sending message 112 to peer 0x55566a812220 (11 bytes)
1742762937.575243 sending message 112 to peer 0x55566a812220 (10 bytes)
1742762937.575248 sending message 112 to peer 0x55566a812220 (13 bytes)
1742762937.575254 sending message 112 to peer 0x55566a812220 (13 bytes)
1742762937.575260 sending message 112 to peer 0x55566a812220 (18 bytes)
1742762937.575266 sending message 112 to peer 0x55566a812220 (11 bytes)
1742762937.575271 sending message 112 to peer 0x55566a812220 (10 bytes)
1742762937.575277 sending message 112 to peer 0x55566a812220 (15 bytes)
1742762937.575283 sending message 112 to peer 0x55566a812220 (21 bytes)
1742762937.575288 sending message 112 to peer 0x55566a812220 (13 bytes)
1742762937.575294 sending message 112 to peer 0x55566a812220 (7 bytes)
1742762937.575300 sending message 112 to peer 0x55566a812220 (13 bytes)
1742762937.575305 sending message 112 to peer 0x55566a812220 (7 bytes)
1742762937.575311 sending message 112 to peer 0x55566a812220 (13 bytes)
1742762937.575317 sending message 112 to peer 0x55566a812220 (9 bytes)
1742762937.575322 sending message 112 to peer 0x55566a812220 (21 bytes)
1742762937.575328 sending message 112 to peer 0x55566a812220 (13 bytes)
1742762937.575334 sending message 112 to peer 0x55566a812220 (8 bytes)
1742762937.575339 sending message 112 to peer 0x55566a812220 (12 bytes)
1742762937.575345 sending message 112 to peer 0x55566a812220 (13 bytes)
1742762937.575351 sending message 112 to peer 0x55566a812220 (9 bytes)
1742762937.575356 sending message 112 to peer 0x55566a812220 (9 bytes)
1742762937.575362 sending message 112 to peer 0x55566a812220 (12 bytes)
1742762937.575367 sending message 112 to peer 0x55566a812220 (8 bytes)
1742762937.575373 sending message 112 to peer 0x55566a812220 (8 bytes)
1742762937.575379 sending message 112 to peer 0x55566a812220 (7 bytes)
1742762937.575384 sending message 112 to peer 0x55566a812220 (7 bytes)
1742762937.575390 sending message 112 to peer 0x55566a812220 (9 bytes)
1742762937.575396 sending message 112 to peer 0x55566a812220 (13 bytes)
1742762937.575402 sending message 112 to peer 0x55566a812220 (6 bytes)
1742762937.575407 sending message 112 to peer 0x55566a812220 (9 bytes)
1742762937.575413 sending message 112 to peer 0x55566a812220 (15 bytes)
1742762937.575419 sending message 112 to peer 0x55566a812220 (13 bytes)
1742762937.575424 sending message 112 to peer 0x55566a812220 (12 bytes)
1742762937.575430 sending message 112 to peer 0x55566a812220 (8 bytes)
1742762937.575436 sending message 112 to peer 0x55566a812220 (14 bytes)
1742762937.575441 sending message 112 to peer 0x55566a812220 (11 bytes)
1742762937.575447 sending message 112 to peer 0x55566a812220 (9 bytes)
1742762937.575453 sending message 112 to peer 0x55566a812220 (10 bytes)
1742762937.575458 sending message 112 to peer 0x55566a812220 (10 bytes)
1742762937.575464 sending message 112 to peer 0x55566a812220 (10 bytes)
1742762937.575479 sending message 112 to peer 0x55566a812220 (10 bytes)
1742762937.575484 sending message 112 to peer 0x55566a812220 (11 bytes)
1742762937.575490 sending message 112 to peer 0x55566a812220 (12 bytes)
1742762937.575496 sending message 112 to peer 0x55566a812220 (12 bytes)
1742762937.575501 sending message 112 to peer 0x55566a812220 (12 bytes)
1742762937.575507 sending message 112 to peer 0x55566a812220 (12 bytes)
1742762937.575513 sending message 112 to peer 0x55566a812220 (12 bytes)
1742762937.575518 sending message 112 to peer 0x55566a812220 (11 bytes)
1742762937.575524 sending message 112 to peer 0x55566a812220 (11 bytes)
1742762937.575529 sending message 112 to peer 0x55566a812220 (12 bytes)
1742762937.575535 sending message 112 to peer 0x55566a812220 (12 bytes)
1742762937.575541 sending message 112 to peer 0x55566a812220 (12 bytes)
1742762937.575546 sending message 112 to peer 0x55566a812220 (12 bytes)
1742762937.575552 sending message 112 to peer 0x55566a812220 (12 bytes)
1742762937.575558 sending message 112 to peer 0x55566a812220 (10 bytes)
1742762937.575564 sending message 112 to peer 0x55566a812220 (12 bytes)
1742762937.575569 sending message 112 to peer 0x55566a812220 (13 bytes)
1742762937.575575 sending message 112 to peer 0x55566a812220 (13 bytes)
1742762937.575580 sending message 112 to peer 0x55566a812220 (13 bytes)
1742762937.575586 sending message 112 to peer 0x55566a812220 (13 bytes)
1742762937.575592 sending message 112 to peer 0x55566a812220 (13 bytes)
1742762937.575597 sending message 112 to peer 0x55566a812220 (8 bytes)
1742762937.575603 sending message 112 to peer 0x55566a812220 (11 bytes)
1742762937.575608 sending message 112 to peer 0x55566a812220 (11 bytes)
1742762937.575614 sending message 112 to peer 0x55566a812220 (11 bytes)
1742762937.575620 sending message 112 to peer 0x55566a812220 (12 bytes)
1742762937.575625 sending message 112 to peer 0x55566a812220 (12 bytes)
1742762937.575631 sending message 112 to peer 0x55566a812220 (12 bytes)
1742762937.575637 sending message 112 to peer 0x55566a812220 (12 bytes)
1742762937.575642 sending message 112 to peer 0x55566a812220 (13 bytes)
1742762937.575648 sending message 112 to peer 0x55566a812220 (13 bytes)
1742762937.575653 sending message 112 to peer 0x55566a812220 (13 bytes)
1742762937.575659 sending message 112 to peer 0x55566a812220 (8 bytes)
1742762937.575665 sending message 112 to peer 0x55566a812220 (13 bytes)
1742762937.575670 sending message 112 to peer 0x55566a812220 (13 bytes)
1742762937.575676 sending message 112 to peer 0x55566a812220 (13 bytes)
1742762937.575681 sending message 112 to peer 0x55566a812220 (13 bytes)
1742762937.575687 sending message 112 to peer 0x55566a812220 (13 bytes)
1742762937.575693 sending message 112 to peer 0x55566a812220 (12 bytes)
1742762937.575698 sending message 112 to peer 0x55566a812220 (12 bytes)
1742762937.575704 sending message 112 to peer 0x55566a812220 (12 bytes)
1742762937.575709 sending message 112 to peer 0x55566a812220 (12 bytes)
1742762937.575715 sending message 112 to peer 0x55566a812220 (13 bytes)
1742762937.575721 sending message 112 to peer 0x55566a812220 (8 bytes)
1742762937.575726 sending message 112 to peer 0x55566a812220 (13 bytes)
1742762937.575732 sending message 112 to peer 0x55566a812220 (13 bytes)
1742762937.575737 sending message 112 to peer 0x55566a812220 (13 bytes)
1742762937.575743 sending message 112 to peer 0x55566a812220 (13 bytes)
1742762937.575748 sending message 112 to peer 0x55566a812220 (13 bytes)
1742762937.575754 sending message 112 to peer 0x55566a812220 (13 bytes)
1742762937.575760 sending message 112 to peer 0x55566a812220 (13 bytes)
1742762937.575765 sending message 112 to peer 0x55566a812220 (12 bytes)
1742762937.575771 sending message 112 to peer 0x55566a812220 (12 bytes)
1742762937.575776 sending message 112 to peer 0x55566a812220 (12 bytes)
1742762937.575782 sending message 112 to peer 0x55566a812220 (8 bytes)
1742762937.575787 sending message 112 to peer 0x55566a812220 (12 bytes)
1742762937.575793 sending message 112 to peer 0x55566a812220 (13 bytes)
1742762937.575805 sending message 112 to peer 0x55566a812220 (13 bytes)
1742762937.575811 sending message 112 to peer 0x55566a812220 (13 bytes)
1742762937.575816 sending message 112 to peer 0x55566a812220 (13 bytes)
1742762937.575822 sending message 112 to peer 0x55566a812220 (13 bytes)
1742762937.575828 sending message 112 to peer 0x55566a812220 (13 bytes)
1742762937.575833 sending message 112 to peer 0x55566a812220 (13 bytes)
1742762937.575839 sending message 112 to peer 0x55566a812220 (13 bytes)
1742762937.575845 sending message 112 to peer 0x55566a812220 (12 bytes)
1742762937.575850 sending message 112 to peer 0x55566a812220 (10 bytes)
1742762937.575856 sending message 112 to peer 0x55566a812220 (12 bytes)
1742762937.575861 sending message 112 to peer 0x55566a812220 (12 bytes)
1742762937.575867 sending message 112 to peer 0x55566a812220 (12 bytes)
1742762937.575873 sending message 112 to peer 0x55566a812220 (13 bytes)
1742762937.575878 sending message 112 to peer 0x55566a812220 (13 bytes)
1742762937.575884 sending message 112 to peer 0x55566a812220 (13 bytes)
1742762937.575890 sending message 112 to peer 0x55566a812220 (13 bytes)
1742762937.575896 sending message 112 to peer 0x55566a812220 (13 bytes)
1742762937.575901 sending message 112 to peer 0x55566a812220 (13 bytes)
1742762937.575907 sending message 112 to peer 0x55566a812220 (13 bytes)
1742762937.575912 sending message 112 to peer 0x55566a812220 (10 bytes)
1742762937.575918 sending message 112 to peer 0x55566a812220 (13 bytes)
1742762937.575924 sending message 112 to peer 0x55566a812220 (12 bytes)
1742762937.575929 sending message 112 to peer 0x55566a812220 (12 bytes)
1742762937.575935 sending message 112 to peer 0x55566a812220 (12 bytes)
1742762937.575940 sending message 112 to peer 0x55566a812220 (10 bytes)
1742762937.575946 sending message 112 to peer 0x55566a812220 (10 bytes)
1742762937.575952 sending message 112 to peer 0x55566a812220 (10 bytes)
1742762937.575957 sending message 112 to peer 0x55566a812220 (12 bytes)
1742762937.575963 sending message 112 to peer 0x55566a812220 (13 bytes)
1742762937.575969 sending message 112 to peer 0x55566a812220 (13 bytes)
1742762937.575974 sending message 112 to peer 0x55566a812220 (13 bytes)
1742762937.575980 sending message 112 to peer 0x55566a812220 (13 bytes)
1742762937.575985 sending message 112 to peer 0x55566a812220 (13 bytes)
1742762937.575991 sending message 112 to peer 0x55566a812220 (11 bytes)
1742762937.575997 sending message 112 to peer 0x55566a812220 (11 bytes)
1742762937.576002 sending message 112 to peer 0x55566a812220 (12 bytes)
1742762937.576008 sending message 112 to peer 0x55566a812220 (12 bytes)
1742762937.576013 sending message 112 to peer 0x55566a812220 (12 bytes)
1742762937.576019 sending message 112 to peer 0x55566a812220 (12 bytes)
1742762937.576024 sending message 112 to peer 0x55566a812220 (12 bytes)
1742762937.576030 sending message 112 to peer 0x55566a812220 (11 bytes)
1742762937.576036 sending message 112 to peer 0x55566a812220 (12 bytes)
1742762937.576041 sending message 112 to peer 0x55566a812220 (12 bytes)
1742762937.576047 sending message 112 to peer 0x55566a812220 (13 bytes)
1742762937.576052 sending message 112 to peer 0x55566a812220 (13 bytes)
1742762937.576058 sending message 112 to peer 0x55566a812220 (13 bytes)
1742762937.576064 sending message 112 to peer 0x55566a812220 (13 bytes)
1742762937.576069 sending message 112 to peer 0x55566a812220 (13 bytes)
1742762937.576075 sending message 112 to peer 0x55566a812220 (10 bytes)
1742762937.576080 sending message 112 to peer 0x55566a812220 (9 bytes)
1742762937.576086 sending message 112 to peer 0x55566a812220 (12 bytes)
1742762937.576091 sending message 112 to peer 0x55566a812220 (13 bytes)
1742762937.576097 sending message 112 to peer 0x55566a812220 (13 bytes)
1742762937.576103 sending message 112 to peer 0x55566a812220 (13 bytes)
1742762937.576108 sending message 112 to peer 0x55566a812220 (13 bytes)
1742762937.576114 sending message 112 to peer 0x55566a812220 (13 bytes)
1742762937.576126 sending message 112 to peer 0x55566a812220 (9 bytes)
1742762937.576131 sending message 112 to peer 0x55566a812220 (12 bytes)
1742762937.576137 sending message 112 to peer 0x55566a812220 (13 bytes)
1742762937.576143 sending message 112 to peer 0x55566a812220 (13 bytes)
1742762937.576148 sending message 112 to peer 0x55566a812220 (13 bytes)
1742762937.576154 sending message 112 to peer 0x55566a812220 (13 bytes)
1742762937.576159 sending message 112 to peer 0x55566a812220 (13 bytes)
1742762937.576165 sending message 112 to peer 0x55566a812220 (11 bytes)
1742762937.576171 sending message 112 to peer 0x55566a812220 (12 bytes)
1742762937.576176 sending message 112 to peer 0x55566a812220 (13 bytes)
1742762937.576182 sending message 112 to peer 0x55566a812220 (13 bytes)
1742762937.576187 sending message 112 to peer 0x55566a812220 (13 bytes)
1742762937.576193 sending message 112 to peer 0x55566a812220 (13 bytes)
1742762937.576199 sending message 112 to peer 0x55566a812220 (13 bytes)
1742762937.576204 sending message 112 to peer 0x55566a812220 (11 bytes)
1742762937.576210 sending message 112 to peer 0x55566a812220 (12 bytes)
1742762937.576215 sending message 112 to peer 0x55566a812220 (12 bytes)
1742762937.576221 sending message 112 to peer 0x55566a812220 (12 bytes)
1742762937.576227 sending message 112 to peer 0x55566a812220 (12 bytes)
1742762937.576233 sending message 112 to peer 0x55566a812220 (12 bytes)
1742762937.576238 sending message 112 to peer 0x55566a812220 (21 bytes)
1742762937.576244 sending message 112 to peer 0x55566a812220 (12 bytes)
1742762937.576249 sending message 112 to peer 0x55566a812220 (9 bytes)
1742762937.576255 sending message 112 to peer 0x55566a812220 (6 bytes)
1742762937.576260 sending message 112 to peer 0x55566a812220 (13 bytes)
1742762937.576269 sending message 112 to peer 0x55566a812220 (8 bytes)
1742762937.576275 sending message 112 to peer 0x55566a812220 (15 bytes)
1742762937.576280 sending message 112 to peer 0x55566a812220 (13 bytes)
1742762937.576286 sending message 112 to peer 0x55566a812220 (9 bytes)
1742762937.576292 sending message 112 to peer 0x55566a812220 (70 bytes)
1742762937.576297 sending message 112 to peer 0x55566a812220 (69 bytes)
1742762937.576303 sending message 112 to peer 0x55566a812220 (10 bytes)
1742762937.576308 sending message 112 to peer 0x55566a812220 (10 bytes)
1742762937.576314 sending message 112 to peer 0x55566a812220 (8 bytes)
1742762937.576319 sending message 112 to peer 0x55566a812220 (15 bytes)
1742762937.576325 sending message 112 to peer 0x55566a812220 (13 bytes)
1742762937.576330 sending message 112 to peer 0x55566a812220 (10 bytes)
1742762937.576336 sending message 112 to peer 0x55566a812220 (10 bytes)
1742762937.576341 sending message 112 to peer 0x55566a812220 (17 bytes)
1742762937.576347 sending message 112 to peer 0x55566a812220 (10 bytes)
1742762937.576352 sending message 112 to peer 0x55566a812220 (13 bytes)
1742762937.576361 sending message 112 to peer 0x55566a812220 (9 bytes)
1742762937.576366 sending message 112 to peer 0x55566a812220 (5 bytes)
1742762937.576372 sending message 112 to peer 0x55566a812220 (15 bytes)
1742762937.576378 sending message 104 to peer 0x55566a812220 (0 bytes)
1742762937.576385 sending message 110 to peer 0x55566a812220 (0 bytes)
1742762937.576391 sending message 107 to peer 0x55566a812220 (4 bytes)
1742762937.576396 sending message 105 to peer 0x55566a812220 (16 bytes)
1742762937.576402 sending message 105 to peer 0x55566a812220 (84 bytes)
1742762937.576408 sending message 105 to peer 0x55566a812220 (18 bytes)
1742762937.576413 sending message 105 to peer 0x55566a812220 (19 bytes)
1742762937.576419 sending message 105 to peer 0x55566a812220 (20 bytes)
1742762937.576424 sending message 105 to peer 0x55566a812220 (25 bytes)
1742762937.576430 sending message 105 to peer 0x55566a812220 (58 bytes)
1742762937.576435 sending message 105 to peer 0x55566a812220 (22 bytes)
1742762937.576441 sending message 105 to peer 0x55566a812220 (26 bytes)
1742762937.576449 sending message 105 to peer 0x55566a812220 (19 bytes)
1742762937.576455 sending message 105 to peer 0x55566a812220 (35 bytes)
1742762937.576467 sending message 105 to peer 0x55566a812220 (23 bytes)
1742762937.576472 sending message 105 to peer 0x55566a812220 (20 bytes)
1742762937.576478 sending message 105 to peer 0x55566a812220 (47 bytes)
1742762937.576483 sending message 105 to peer 0x55566a812220 (51 bytes)
1742762937.576489 sending message 105 to peer 0x55566a812220 (20 bytes)
1742762937.576494 sending message 105 to peer 0x55566a812220 (21 bytes)
1742762937.576500 sending message 105 to peer 0x55566a812220 (24 bytes)
1742762937.576505 sending message 105 to peer 0x55566a812220 (19 bytes)
1742762937.576511 sending message 105 to peer 0x55566a812220 (21 bytes)
1742762937.576516 sending message 105 to peer 0x55566a812220 (28 bytes)
1742762937.576522 sending message 105 to peer 0x55566a812220 (15 bytes)
1742762937.576528 sending message 105 to peer 0x55566a812220 (35 bytes)
1742762937.576533 sending message 105 to peer 0x55566a812220 (25 bytes)
1742762937.576539 sending message 105 to peer 0x55566a812220 (13 bytes)
1742762937.576547 sending message 105 to peer 0x55566a812220 (21 bytes)
1742762937.576553 sending message 105 to peer 0x55566a812220 (34 bytes)
1742762937.576559 sending message 105 to peer 0x55566a812220 (48 bytes)
1742762937.576564 sending message 105 to peer 0x55566a812220 (16 bytes)
1742762937.576570 sending message 105 to peer 0x55566a812220 (21 bytes)
1742762937.576575 sending message 105 to peer 0x55566a812220 (17 bytes)
1742762937.576581 sending message 105 to peer 0x55566a812220 (1764 bytes)
1742762937.576603 sending message 105 to peer 0x55566a812220 (25 bytes)
1742762937.576609 sending message 105 to peer 0x55566a812220 (17 bytes)
1742762937.576615 sending message 105 to peer 0x55566a812220 (52 bytes)
1742762937.576620 sending message 105 to peer 0x55566a812220 (23 bytes)
1742762937.576626 sending message 105 to peer 0x55566a812220 (23 bytes)
1742762937.576632 sending message 105 to peer 0x55566a812220 (19 bytes)
1742762937.576637 sending message 105 to peer 0x55566a812220 (30 bytes)
1742762937.576643 sending message 105 to peer 0x55566a812220 (10 bytes)
1742762937.576648 sending message 105 to peer 0x55566a812220 (13 bytes)
1742762937.576654 sending message 105 to peer 0x55566a812220 (31 bytes)
1742762937.576660 sending message 105 to peer 0x55566a812220 (13 bytes)
1742762937.576665 sending message 105 to peer 0x55566a812220 (8 bytes)
1742762937.576671 sending message 105 to peer 0x55566a812220 (25 bytes)
1742762937.576676 sending message 105 to peer 0x55566a812220 (18 bytes)
1742762937.576682 sending message 105 to peer 0x55566a812220 (27 bytes)
1742762937.576688 sending message 105 to peer 0x55566a812220 (11 bytes)
1742762937.576693 sending message 105 to peer 0x55566a812220 (17 bytes)
1742762937.576699 sending message 105 to peer 0x55566a812220 (31 bytes)
1742762937.576704 sending message 105 to peer 0x55566a812220 (20 bytes)
1742762937.576710 sending message 105 to peer 0x55566a812220 (72 bytes)
1742762937.576716 sending message 105 to peer 0x55566a812220 (62 bytes)
1742762937.576722 sending message 105 to peer 0x55566a812220 (16 bytes)
1742762937.576727 sending message 105 to peer 0x55566a812220 (54 bytes)
1742762937.576733 sending message 105 to peer 0x55566a812220 (23 bytes)
1742762937.576738 sending message 105 to peer 0x55566a812220 (33 bytes)
1742762937.576746 sending message 105 to peer 0x55566a812220 (18 bytes)
1742762937.576753 sending message 105 to peer 0x55566a812220 (16 bytes)
1742762937.576760 sending message 106 to peer 0x55566a812220 (0 bytes)
1742762937.576853 sending message 200 to peer 0x55566a812220 (4 bytes)
1742762937.576863 client loop enter
1742762937.577278 peer 0x55566a812220 message 303
1742762937.577289 open write file 2 -
1742762937.577299 sending message 305 to peer 0x55566a812220 (8 bytes)
1742762937.577310 write check file 2
1742762937.577461 peer 0x55566a812220 message 304
1742762937.577469 write 58 to file 2
1742762937.577477 peer 0x55566a812220 message 203
1742762937.577484 file 2 58 bytes left
1742762937.577502 write check file 2
1742762937.577520 client loop exit
